				;	@ /0000
0000 000c		;	MAIN JP INICIO
0002 0abc		;	PACKED K /0ABC
0004 0000		;	SAIDA1 $ /0001   0
				;	SAIDA1 $ /0001
0006 0000		;	SAIDA2 $ /0001   0
				;	SAIDA2 $ /0001
0008 0100		;	DIV K /0100
000a 0000		;	AUX $ /0001   0
				;	AUX $ /0001

000c 8002		;	INICIO LD PACKED
000e 9014		;	MM X
0010 a016		;	SC UNPACK
0012 c012		;	FIM HM FIM
0014 0000		;	X $ /0001   0
				;	X $ /0001

0016 0000		;	UNPACK $ /0001   0
				;	UNPACK $ /0001
0018 8014		;	LD X
001a 7008		;	/ DIV
001c 202c		;	JN NEGATIVO
001e 9004		;	POSITIVO MM SAIDA1
0020 6008		;	* DIV
0022 900a		;	MM AUX
0024 8014		;	LD X
0026 500a		;	- AUX
0028 9006		;	MM SAIDA2
002a b016		;	RS UNPACK

002c 001e		;	NEGATIVO JP POSITIVO
